This file contains any messages produced by compilers while
running configure, to aid debugging if configure makes a mistake.

It was created by glu configure 9.0.0, which was
generated by GNU Autoconf 2.68.  Invocation command line was

  $ ./configure 

## --------- ##
## Platform. ##
## --------- ##

hostname = nacho-GE62-7RD
uname -m = x86_64
uname -r = 4.13.0-19-generic
uname -s = Linux
uname -v = #22-Ubuntu SMP Mon Dec 4 11:58:07 UTC 2017

/usr/bin/uname -p = unknown
/bin/uname -X     = unknown

/bin/arch              = unknown
/usr/bin/arch -k       = unknown
/usr/convex/getsysinfo = unknown
/usr/bin/hostinfo      = unknown
/bin/machine           = unknown
/usr/bin/oslevel       = unknown
/bin/universe          = unknown

PATH: /usr/local/sbin
PATH: /usr/local/bin
PATH: /usr/sbin
PATH: /usr/bin
PATH: /sbin
PATH: /bin
PATH: /snap/bin


## ----------- ##
## Core tests. ##
## ----------- ##

configure:2436: checking build system type
configure:2450: result: x86_64-unknown-linux-gnu
configure:2470: checking host system type
configure:2483: result: x86_64-unknown-linux-gnu
configure:2520: checking for a BSD-compatible install
configure:2588: result: /usr/bin/install -c
configure:2599: checking whether build environment is sane
configure:2654: result: yes
configure:2805: checking for a thread-safe mkdir -p
configure:2844: result: /bin/mkdir -p
configure:2851: checking for gawk
configure:2881: result: no
configure:2851: checking for mawk
configure:2867: found /usr/bin/mawk
configure:2878: result: mawk
configure:2889: checking whether make sets $(MAKE)
configure:2911: result: yes
configure:3045: checking how to print strings
configure:3072: result: printf
configure:3105: checking for style of include used by make
configure:3133: result: GNU
configure:3204: checking for gcc
configure:3220: found /usr/bin/gcc
configure:3231: result: gcc
configure:3460: checking for C compiler version
configure:3469: gcc --version >&5
gcc (Ubuntu 7.2.0-8ubuntu3) 7.2.0
Copyright (C) 2017 Free Software Foundation, Inc.
This is free software; see the source for copying conditions.  There is NO
warranty; not even for MERCHANTABILITY or FITNESS FOR A PARTICULAR PURPOSE.

configure:3480: $? = 0
configure:3469: gcc -v >&5
Using built-in specs.
COLLECT_GCC=gcc
COLLECT_LTO_WRAPPER=/usr/lib/gcc/x86_64-linux-gnu/7/lto-wrapper
OFFLOAD_TARGET_NAMES=nvptx-none
OFFLOAD_TARGET_DEFAULT=1
Target: x86_64-linux-gnu
Configured with: ../src/configure -v --with-pkgversion='Ubuntu 7.2.0-8ubuntu3' --with-bugurl=file:///usr/share/doc/gcc-7/README.Bugs --enable-languages=c,ada,c++,go,brig,d,fortran,objc,obj-c++ --prefix=/usr --with-gcc-major-version-only --program-suffix=-7 --program-prefix=x86_64-linux-gnu- --enable-shared --enable-linker-build-id --libexecdir=/usr/lib --without-included-gettext --enable-threads=posix --libdir=/usr/lib --enable-nls --with-sysroot=/ --enable-clocale=gnu --enable-libstdcxx-debug --enable-libstdcxx-time=yes --with-default-libstdcxx-abi=new --enable-gnu-unique-object --disable-vtable-verify --enable-libmpx --enable-plugin --enable-default-pie --with-system-zlib --with-target-system-zlib --enable-objc-gc=auto --enable-multiarch --disable-werror --with-arch-32=i686 --with-abi=m64 --with-multilib-list=m32,m64,mx32 --enable-multilib --with-tune=generic --enable-offload-targets=nvptx-none --without-cuda-driver --enable-checking=release --build=x86_64-linux-gnu --host=x86_64-linux-gnu --target=x86_64-linux-gnu
Thread model: posix
gcc version 7.2.0 (Ubuntu 7.2.0-8ubuntu3) 
configure:3480: $? = 0
configure:3469: gcc -V >&5
gcc: error: unrecognized command line option '-V'
gcc: fatal error: no input files
compilation terminated.
configure:3480: $? = 1
configure:3469: gcc -qversion >&5
gcc: error: unrecognized command line option '-qversion'; did you mean '--version'?
gcc: fatal error: no input files
compilation terminated.
configure:3480: $? = 1
configure:3500: checking whether the C compiler works
configure:3522: gcc    conftest.c  >&5
configure:3526: $? = 0
configure:3574: result: yes
configure:3577: checking for C compiler default output file name
configure:3579: result: a.out
configure:3585: checking for suffix of executables
configure:3592: gcc -o conftest    conftest.c  >&5
configure:3596: $? = 0
configure:3618: result: 
configure:3640: checking whether we are cross compiling
configure:3648: gcc -o conftest    conftest.c  >&5
configure:3652: $? = 0
configure:3659: ./conftest
configure:3663: $? = 0
configure:3678: result: no
configure:3683: checking for suffix of object files
configure:3705: gcc -c   conftest.c >&5
configure:3709: $? = 0
configure:3730: result: o
configure:3734: checking whether we are using the GNU C compiler
configure:3753: gcc -c   conftest.c >&5
configure:3753: $? = 0
configure:3762: result: yes
configure:3771: checking whether gcc accepts -g
configure:3791: gcc -c -g  conftest.c >&5
configure:3791: $? = 0
configure:3832: result: yes
configure:3849: checking for gcc option to accept ISO C89
configure:3913: gcc  -c -g -O2  conftest.c >&5
configure:3913: $? = 0
configure:3926: result: none needed
configure:3948: checking dependency style of gcc
configure:4059: result: gcc3
configure:4074: checking for a sed that does not truncate output
configure:4138: result: /bin/sed
configure:4156: checking for grep that handles long lines and -e
configure:4214: result: /bin/grep
configure:4219: checking for egrep
configure:4281: result: /bin/grep -E
configure:4286: checking for fgrep
configure:4348: result: /bin/grep -F
configure:4383: checking for ld used by gcc
configure:4450: result: /usr/bin/ld
configure:4457: checking if the linker (/usr/bin/ld) is GNU ld
configure:4472: result: yes
configure:4484: checking for BSD- or MS-compatible name lister (nm)
configure:4533: result: /usr/bin/nm -B
configure:4663: checking the name lister (/usr/bin/nm -B) interface
configure:4670: gcc -c -g -O2  conftest.c >&5
configure:4673: /usr/bin/nm -B "conftest.o"
configure:4676: output
0000000000000000 B some_variable
configure:4683: result: BSD nm
configure:4686: checking whether ln -s works
configure:4690: result: yes
configure:4698: checking the maximum length of command line arguments
configure:4823: result: 1572864
configure:4840: checking whether the shell understands some XSI constructs
configure:4850: result: yes
configure:4854: checking whether the shell understands "+="
configure:4860: result: yes
configure:4895: checking how to convert x86_64-unknown-linux-gnu file names to x86_64-unknown-linux-gnu format
configure:4935: result: func_convert_file_noop
configure:4942: checking how to convert x86_64-unknown-linux-gnu file names to toolchain format
configure:4962: result: func_convert_file_noop
configure:4969: checking for /usr/bin/ld option to reload object files
configure:4976: result: -r
configure:5050: checking for objdump
configure:5066: found /usr/bin/objdump
configure:5077: result: objdump
configure:5109: checking how to recognize dependent libraries
configure:5311: result: pass_all
configure:5396: checking for dlltool
configure:5426: result: no
configure:5456: checking how to associate runtime and link libraries
configure:5483: result: printf %s\n
configure:5544: checking for ar
configure:5560: found /usr/bin/ar
configure:5571: result: ar
configure:5608: checking for archiver @FILE support
configure:5625: gcc -c -g -O2  conftest.c >&5
configure:5625: $? = 0
configure:5628: ar cru libconftest.a @conftest.lst >&5
ar: `u' modifier ignored since `D' is the default (see `U')
configure:5631: $? = 0
configure:5636: ar cru libconftest.a @conftest.lst >&5
ar: `u' modifier ignored since `D' is the default (see `U')
ar: conftest.o: No such file or directory
configure:5639: $? = 1
configure:5651: result: @
configure:5709: checking for strip
configure:5725: found /usr/bin/strip
configure:5736: result: strip
configure:5808: checking for ranlib
configure:5824: found /usr/bin/ranlib
configure:5835: result: ranlib
configure:5937: checking command to parse /usr/bin/nm -B output from gcc object
configure:6056: gcc -c -g -O2  conftest.c >&5
configure:6059: $? = 0
configure:6063: /usr/bin/nm -B conftest.o \| sed -n -e 's/^.*[ ]\([ABCDGIRSTW][ABCDGIRSTW]*\)[ ][ ]*\([_A-Za-z][_A-Za-z0-9]*\)$/\1 \2 \2/p' | sed '/ __gnu_lto/d' \> conftest.nm
configure:6066: $? = 0
configure:6132: gcc -o conftest -g -O2   conftest.c conftstm.o >&5
configure:6135: $? = 0
configure:6173: result: ok
configure:6210: checking for sysroot
configure:6240: result: no
configure:6317: gcc -c -g -O2  conftest.c >&5
configure:6320: $? = 0
configure:6483: checking for mt
configure:6499: found /bin/mt
configure:6510: result: mt
configure:6533: checking if mt is a manifest tool
configure:6539: mt '-?'
configure:6547: result: no
configure:7179: checking how to run the C preprocessor
configure:7210: gcc -E  conftest.c
configure:7210: $? = 0
configure:7224: gcc -E  conftest.c
conftest.c:11:10: fatal error: ac_nonexistent.h: No such file or directory
 #include <ac_nonexistent.h>
          ^~~~~~~~~~~~~~~~~~
compilation terminated.
configure:7224: $? = 1
configure: failed program was:
| /* confdefs.h */
| #define PACKAGE_NAME "glu"
| #define PACKAGE_TARNAME "glu"
| #define PACKAGE_VERSION "9.0.0"
| #define PACKAGE_STRING "glu 9.0.0"
| #define PACKAGE_BUGREPORT "https://bugs.freedesktop.org/enter_bug.cgi?product=Mesa&component=GLU"
| #define PACKAGE_URL ""
| #define PACKAGE "glu"
| #define VERSION "9.0.0"
| /* end confdefs.h.  */
| #include <ac_nonexistent.h>
configure:7249: result: gcc -E
configure:7269: gcc -E  conftest.c
configure:7269: $? = 0
configure:7283: gcc -E  conftest.c
conftest.c:11:10: fatal error: ac_nonexistent.h: No such file or directory
 #include <ac_nonexistent.h>
          ^~~~~~~~~~~~~~~~~~
compilation terminated.
configure:7283: $? = 1
configure: failed program was:
| /* confdefs.h */
| #define PACKAGE_NAME "glu"
| #define PACKAGE_TARNAME "glu"
| #define PACKAGE_VERSION "9.0.0"
| #define PACKAGE_STRING "glu 9.0.0"
| #define PACKAGE_BUGREPORT "https://bugs.freedesktop.org/enter_bug.cgi?product=Mesa&component=GLU"
| #define PACKAGE_URL ""
| #define PACKAGE "glu"
| #define VERSION "9.0.0"
| /* end confdefs.h.  */
| #include <ac_nonexistent.h>
configure:7312: checking for ANSI C header files
configure:7332: gcc -c -g -O2  conftest.c >&5
configure:7332: $? = 0
configure:7405: gcc -o conftest -g -O2   conftest.c  >&5
configure:7405: $? = 0
configure:7405: ./conftest
configure:7405: $? = 0
configure:7416: result: yes
configure:7429: checking for sys/types.h
configure:7429: gcc -c -g -O2  conftest.c >&5
configure:7429: $? = 0
configure:7429: result: yes
configure:7429: checking for sys/stat.h
configure:7429: gcc -c -g -O2  conftest.c >&5
configure:7429: $? = 0
configure:7429: result: yes
configure:7429: checking for stdlib.h
configure:7429: gcc -c -g -O2  conftest.c >&5
configure:7429: $? = 0
configure:7429: result: yes
configure:7429: checking for string.h
configure:7429: gcc -c -g -O2  conftest.c >&5
configure:7429: $? = 0
configure:7429: result: yes
configure:7429: checking for memory.h
configure:7429: gcc -c -g -O2  conftest.c >&5
configure:7429: $? = 0
configure:7429: result: yes
configure:7429: checking for strings.h
configure:7429: gcc -c -g -O2  conftest.c >&5
configure:7429: $? = 0
configure:7429: result: yes
configure:7429: checking for inttypes.h
configure:7429: gcc -c -g -O2  conftest.c >&5
configure:7429: $? = 0
configure:7429: result: yes
configure:7429: checking for stdint.h
configure:7429: gcc -c -g -O2  conftest.c >&5
configure:7429: $? = 0
configure:7429: result: yes
configure:7429: checking for unistd.h
configure:7429: gcc -c -g -O2  conftest.c >&5
configure:7429: $? = 0
configure:7429: result: yes
configure:7443: checking for dlfcn.h
configure:7443: gcc -c -g -O2  conftest.c >&5
configure:7443: $? = 0
configure:7443: result: yes
configure:7630: checking for objdir
configure:7645: result: .libs
configure:7912: checking if gcc supports -fno-rtti -fno-exceptions
configure:7930: gcc -c -g -O2  -fno-rtti -fno-exceptions conftest.c >&5
cc1: warning: command line option '-fno-rtti' is valid for C++/ObjC++ but not for C
configure:7934: $? = 0
configure:7947: result: no
configure:8257: checking for gcc option to produce PIC
configure:8264: result: -fPIC -DPIC
configure:8272: checking if gcc PIC flag -fPIC -DPIC works
configure:8290: gcc -c -g -O2  -fPIC -DPIC -DPIC conftest.c >&5
configure:8294: $? = 0
configure:8307: result: yes
configure:8336: checking if gcc static flag -static works
configure:8364: result: yes
configure:8379: checking if gcc supports -c -o file.o
configure:8400: gcc -c -g -O2  -o out/conftest2.o conftest.c >&5
configure:8404: $? = 0
configure:8426: result: yes
configure:8434: checking if gcc supports -c -o file.o
configure:8481: result: yes
configure:8514: checking whether the gcc linker (/usr/bin/ld -m elf_x86_64) supports shared libraries
configure:9672: result: yes
configure:9709: checking whether -lc should be explicitly linked in
configure:9717: gcc -c -g -O2  conftest.c >&5
configure:9720: $? = 0
configure:9735: gcc -shared  -fPIC -DPIC conftest.o  -v -Wl,-soname -Wl,conftest -o conftest 2\>\&1 \| /bin/grep  -lc  \>/dev/null 2\>\&1
configure:9738: $? = 0
configure:9752: result: no
configure:9917: checking dynamic linker characteristics
configure:10444: gcc -o conftest -g -O2   -Wl,-rpath -Wl,/foo conftest.c  >&5
configure:10444: $? = 0
configure:10666: result: GNU/Linux ld.so
configure:10773: checking how to hardcode library paths into programs
configure:10798: result: immediate
configure:11338: checking whether stripping libraries is possible
configure:11343: result: yes
configure:11378: checking if libtool supports shared libraries
configure:11380: result: yes
configure:11383: checking whether to build shared libraries
configure:11404: result: yes
configure:11407: checking whether to build static libraries
configure:11411: result: yes
configure:11452: checking how to run the C preprocessor
configure:11522: result: gcc -E
configure:11542: gcc -E  conftest.c
configure:11542: $? = 0
configure:11556: gcc -E  conftest.c
conftest.c:23:10: fatal error: ac_nonexistent.h: No such file or directory
 #include <ac_nonexistent.h>
          ^~~~~~~~~~~~~~~~~~
compilation terminated.
configure:11556: $? = 1
configure: failed program was:
| /* confdefs.h */
| #define PACKAGE_NAME "glu"
| #define PACKAGE_TARNAME "glu"
| #define PACKAGE_VERSION "9.0.0"
| #define PACKAGE_STRING "glu 9.0.0"
| #define PACKAGE_BUGREPORT "https://bugs.freedesktop.org/enter_bug.cgi?product=Mesa&component=GLU"
| #define PACKAGE_URL ""
| #define PACKAGE "glu"
| #define VERSION "9.0.0"
| #define STDC_HEADERS 1
| #define HAVE_SYS_TYPES_H 1
| #define HAVE_SYS_STAT_H 1
| #define HAVE_STDLIB_H 1
| #define HAVE_STRING_H 1
| #define HAVE_MEMORY_H 1
| #define HAVE_STRINGS_H 1
| #define HAVE_INTTYPES_H 1
| #define HAVE_STDINT_H 1
| #define HAVE_UNISTD_H 1
| #define HAVE_DLFCN_H 1
| #define LT_OBJDIR ".libs/"
| /* end confdefs.h.  */
| #include <ac_nonexistent.h>
configure:11632: checking for gcc
configure:11659: result: gcc
configure:11888: checking for C compiler version
configure:11897: gcc --version >&5
gcc (Ubuntu 7.2.0-8ubuntu3) 7.2.0
Copyright (C) 2017 Free Software Foundation, Inc.
This is free software; see the source for copying conditions.  There is NO
warranty; not even for MERCHANTABILITY or FITNESS FOR A PARTICULAR PURPOSE.

configure:11908: $? = 0
configure:11897: gcc -v >&5
Using built-in specs.
COLLECT_GCC=gcc
COLLECT_LTO_WRAPPER=/usr/lib/gcc/x86_64-linux-gnu/7/lto-wrapper
OFFLOAD_TARGET_NAMES=nvptx-none
OFFLOAD_TARGET_DEFAULT=1
Target: x86_64-linux-gnu
Configured with: ../src/configure -v --with-pkgversion='Ubuntu 7.2.0-8ubuntu3' --with-bugurl=file:///usr/share/doc/gcc-7/README.Bugs --enable-languages=c,ada,c++,go,brig,d,fortran,objc,obj-c++ --prefix=/usr --with-gcc-major-version-only --program-suffix=-7 --program-prefix=x86_64-linux-gnu- --enable-shared --enable-linker-build-id --libexecdir=/usr/lib --without-included-gettext --enable-threads=posix --libdir=/usr/lib --enable-nls --with-sysroot=/ --enable-clocale=gnu --enable-libstdcxx-debug --enable-libstdcxx-time=yes --with-default-libstdcxx-abi=new --enable-gnu-unique-object --disable-vtable-verify --enable-libmpx --enable-plugin --enable-default-pie --with-system-zlib --with-target-system-zlib --enable-objc-gc=auto --enable-multiarch --disable-werror --with-arch-32=i686 --with-abi=m64 --with-multilib-list=m32,m64,mx32 --enable-multilib --with-tune=generic --enable-offload-targets=nvptx-none --without-cuda-driver --enable-checking=release --build=x86_64-linux-gnu --host=x86_64-linux-gnu --target=x86_64-linux-gnu
Thread model: posix
gcc version 7.2.0 (Ubuntu 7.2.0-8ubuntu3) 
configure:11908: $? = 0
configure:11897: gcc -V >&5
gcc: error: unrecognized command line option '-V'
gcc: fatal error: no input files
compilation terminated.
configure:11908: $? = 1
configure:11897: gcc -qversion >&5
gcc: error: unrecognized command line option '-qversion'; did you mean '--version'?
gcc: fatal error: no input files
compilation terminated.
configure:11908: $? = 1
configure:11912: checking whether we are using the GNU C compiler
configure:11940: result: yes
configure:11949: checking whether gcc accepts -g
configure:12010: result: yes
configure:12027: checking for gcc option to accept ISO C89
configure:12104: result: none needed
configure:12126: checking dependency style of gcc
configure:12237: result: gcc3
configure:12310: checking for g++
configure:12326: found /usr/bin/g++
configure:12337: result: g++
configure:12364: checking for C++ compiler version
configure:12373: g++ --version >&5
g++ (Ubuntu 7.2.0-8ubuntu3) 7.2.0
Copyright (C) 2017 Free Software Foundation, Inc.
This is free software; see the source for copying conditions.  There is NO
warranty; not even for MERCHANTABILITY or FITNESS FOR A PARTICULAR PURPOSE.

configure:12384: $? = 0
configure:12373: g++ -v >&5
Using built-in specs.
COLLECT_GCC=g++
COLLECT_LTO_WRAPPER=/usr/lib/gcc/x86_64-linux-gnu/7/lto-wrapper
OFFLOAD_TARGET_NAMES=nvptx-none
OFFLOAD_TARGET_DEFAULT=1
Target: x86_64-linux-gnu
Configured with: ../src/configure -v --with-pkgversion='Ubuntu 7.2.0-8ubuntu3' --with-bugurl=file:///usr/share/doc/gcc-7/README.Bugs --enable-languages=c,ada,c++,go,brig,d,fortran,objc,obj-c++ --prefix=/usr --with-gcc-major-version-only --program-suffix=-7 --program-prefix=x86_64-linux-gnu- --enable-shared --enable-linker-build-id --libexecdir=/usr/lib --without-included-gettext --enable-threads=posix --libdir=/usr/lib --enable-nls --with-sysroot=/ --enable-clocale=gnu --enable-libstdcxx-debug --enable-libstdcxx-time=yes --with-default-libstdcxx-abi=new --enable-gnu-unique-object --disable-vtable-verify --enable-libmpx --enable-plugin --enable-default-pie --with-system-zlib --with-target-system-zlib --enable-objc-gc=auto --enable-multiarch --disable-werror --with-arch-32=i686 --with-abi=m64 --with-multilib-list=m32,m64,mx32 --enable-multilib --with-tune=generic --enable-offload-targets=nvptx-none --without-cuda-driver --enable-checking=release --build=x86_64-linux-gnu --host=x86_64-linux-gnu --target=x86_64-linux-gnu
Thread model: posix
gcc version 7.2.0 (Ubuntu 7.2.0-8ubuntu3) 
configure:12384: $? = 0
configure:12373: g++ -V >&5
g++: error: unrecognized command line option '-V'
g++: fatal error: no input files
compilation terminated.
configure:12384: $? = 1
configure:12373: g++ -qversion >&5
g++: error: unrecognized command line option '-qversion'; did you mean '--version'?
g++: fatal error: no input files
compilation terminated.
configure:12384: $? = 1
configure:12388: checking whether we are using the GNU C++ compiler
configure:12407: g++ -c   conftest.cpp >&5
configure:12407: $? = 0
configure:12416: result: yes
configure:12425: checking whether g++ accepts -g
configure:12445: g++ -c -g  conftest.cpp >&5
configure:12445: $? = 0
configure:12486: result: yes
configure:12511: checking dependency style of g++
configure:12622: result: gcc3
configure:12655: checking how to run the C++ preprocessor
configure:12682: g++ -E  conftest.cpp
configure:12682: $? = 0
configure:12696: g++ -E  conftest.cpp
conftest.cpp:23:10: fatal error: ac_nonexistent.h: No such file or directory
 #include <ac_nonexistent.h>
          ^~~~~~~~~~~~~~~~~~
compilation terminated.
configure:12696: $? = 1
configure: failed program was:
| /* confdefs.h */
| #define PACKAGE_NAME "glu"
| #define PACKAGE_TARNAME "glu"
| #define PACKAGE_VERSION "9.0.0"
| #define PACKAGE_STRING "glu 9.0.0"
| #define PACKAGE_BUGREPORT "https://bugs.freedesktop.org/enter_bug.cgi?product=Mesa&component=GLU"
| #define PACKAGE_URL ""
| #define PACKAGE "glu"
| #define VERSION "9.0.0"
| #define STDC_HEADERS 1
| #define HAVE_SYS_TYPES_H 1
| #define HAVE_SYS_STAT_H 1
| #define HAVE_STDLIB_H 1
| #define HAVE_STRING_H 1
| #define HAVE_MEMORY_H 1
| #define HAVE_STRINGS_H 1
| #define HAVE_INTTYPES_H 1
| #define HAVE_STDINT_H 1
| #define HAVE_UNISTD_H 1
| #define HAVE_DLFCN_H 1
| #define LT_OBJDIR ".libs/"
| /* end confdefs.h.  */
| #include <ac_nonexistent.h>
configure:12721: result: g++ -E
configure:12741: g++ -E  conftest.cpp
configure:12741: $? = 0
configure:12755: g++ -E  conftest.cpp
conftest.cpp:23:10: fatal error: ac_nonexistent.h: No such file or directory
 #include <ac_nonexistent.h>
          ^~~~~~~~~~~~~~~~~~
compilation terminated.
configure:12755: $? = 1
configure: failed program was:
| /* confdefs.h */
| #define PACKAGE_NAME "glu"
| #define PACKAGE_TARNAME "glu"
| #define PACKAGE_VERSION "9.0.0"
| #define PACKAGE_STRING "glu 9.0.0"
| #define PACKAGE_BUGREPORT "https://bugs.freedesktop.org/enter_bug.cgi?product=Mesa&component=GLU"
| #define PACKAGE_URL ""
| #define PACKAGE "glu"
| #define VERSION "9.0.0"
| #define STDC_HEADERS 1
| #define HAVE_SYS_TYPES_H 1
| #define HAVE_SYS_STAT_H 1
| #define HAVE_STDLIB_H 1
| #define HAVE_STRING_H 1
| #define HAVE_MEMORY_H 1
| #define HAVE_STRINGS_H 1
| #define HAVE_INTTYPES_H 1
| #define HAVE_STDINT_H 1
| #define HAVE_UNISTD_H 1
| #define HAVE_DLFCN_H 1
| #define LT_OBJDIR ".libs/"
| /* end confdefs.h.  */
| #include <ac_nonexistent.h>
configure:12925: checking for ld used by g++
configure:12992: result: /usr/bin/ld -m elf_x86_64
configure:12999: checking if the linker (/usr/bin/ld -m elf_x86_64) is GNU ld
configure:13014: result: yes
configure:13069: checking whether the g++ linker (/usr/bin/ld -m elf_x86_64) supports shared libraries
configure:14073: result: yes
configure:14108: g++ -c -g -O2  conftest.cpp >&5
configure:14111: $? = 0
configure:14631: checking for g++ option to produce PIC
configure:14638: result: -fPIC -DPIC
configure:14646: checking if g++ PIC flag -fPIC -DPIC works
configure:14664: g++ -c -g -O2  -fPIC -DPIC -DPIC conftest.cpp >&5
configure:14668: $? = 0
configure:14681: result: yes
configure:14704: checking if g++ static flag -static works
configure:14732: result: yes
configure:14744: checking if g++ supports -c -o file.o
configure:14765: g++ -c -g -O2  -o out/conftest2.o conftest.cpp >&5
configure:14769: $? = 0
configure:14791: result: yes
configure:14796: checking if g++ supports -c -o file.o
configure:14843: result: yes
configure:14873: checking whether the g++ linker (/usr/bin/ld -m elf_x86_64) supports shared libraries
configure:14907: result: yes
configure:15050: checking dynamic linker characteristics
configure:15733: result: GNU/Linux ld.so
configure:15786: checking how to hardcode library paths into programs
configure:15811: result: immediate
configure:15863: checking whether make supports nested variables
configure:15880: result: yes
configure:15954: checking for pkg-config
configure:15972: found /usr/bin/pkg-config
configure:15984: result: /usr/bin/pkg-config
configure:16009: checking pkg-config is at least version 0.9.0
configure:16012: result: yes
configure:16192: checking for GL
configure:16199: $PKG_CONFIG --exists --print-errors "gl"
configure:16202: $? = 0
configure:16216: $PKG_CONFIG --exists --print-errors "gl"
configure:16219: $? = 0
configure:16359: result: yes
configure:16371: checking whether gcc supports -fvisibility=hidden
configure:16386: gcc -o conftest -g -O2 -fvisibility=hidden   conftest.c  >&5
configure:16386: $? = 0
configure:16387: result: yes
configure:16404: checking whether g++ supports -fvisibility=hidden
configure:16425: g++ -o conftest -g -O2 -fvisibility=hidden   conftest.cpp  >&5
configure:16425: $? = 0
configure:16426: result: yes
configure:16609: checking that generated files are newer than configure
configure:16615: result: done
configure:16646: creating ./config.status

## ---------------------- ##
## Running config.status. ##
## ---------------------- ##

This file was extended by glu config.status 9.0.0, which was
generated by GNU Autoconf 2.68.  Invocation command line was

  CONFIG_FILES    = 
  CONFIG_HEADERS  = 
  CONFIG_LINKS    = 
  CONFIG_COMMANDS = 
  $ ./config.status 

on nacho-GE62-7RD

config.status:1092: creating Makefile
config.status:1092: creating glu.pc
config.status:1264: executing depfiles commands
config.status:1264: executing libtool commands

## ---------------- ##
## Cache variables. ##
## ---------------- ##

ac_cv_build=x86_64-unknown-linux-gnu
ac_cv_c_compiler_gnu=yes
ac_cv_cxx_compiler_gnu=yes
ac_cv_env_CCC_set=
ac_cv_env_CCC_value=
ac_cv_env_CC_set=
ac_cv_env_CC_value=
ac_cv_env_CFLAGS_set=
ac_cv_env_CFLAGS_value=
ac_cv_env_CPPFLAGS_set=
ac_cv_env_CPPFLAGS_value=
ac_cv_env_CPP_set=
ac_cv_env_CPP_value=
ac_cv_env_CXXCPP_set=
ac_cv_env_CXXCPP_value=
ac_cv_env_CXXFLAGS_set=
ac_cv_env_CXXFLAGS_value=
ac_cv_env_CXX_set=
ac_cv_env_CXX_value=
ac_cv_env_GL_CFLAGS_set=
ac_cv_env_GL_CFLAGS_value=
ac_cv_env_GL_LIBS_set=
ac_cv_env_GL_LIBS_value=
ac_cv_env_LDFLAGS_set=
ac_cv_env_LDFLAGS_value=
ac_cv_env_LIBS_set=
ac_cv_env_LIBS_value=
ac_cv_env_OSMESA_CFLAGS_set=
ac_cv_env_OSMESA_CFLAGS_value=
ac_cv_env_OSMESA_LIBS_set=
ac_cv_env_OSMESA_LIBS_value=
ac_cv_env_PKG_CONFIG_LIBDIR_set=
ac_cv_env_PKG_CONFIG_LIBDIR_value=
ac_cv_env_PKG_CONFIG_PATH_set=
ac_cv_env_PKG_CONFIG_PATH_value=
ac_cv_env_PKG_CONFIG_set=
ac_cv_env_PKG_CONFIG_value=
ac_cv_env_build_alias_set=
ac_cv_env_build_alias_value=
ac_cv_env_host_alias_set=
ac_cv_env_host_alias_value=
ac_cv_env_target_alias_set=
ac_cv_env_target_alias_value=
ac_cv_header_dlfcn_h=yes
ac_cv_header_inttypes_h=yes
ac_cv_header_memory_h=yes
ac_cv_header_stdc=yes
ac_cv_header_stdint_h=yes
ac_cv_header_stdlib_h=yes
ac_cv_header_string_h=yes
ac_cv_header_strings_h=yes
ac_cv_header_sys_stat_h=yes
ac_cv_header_sys_types_h=yes
ac_cv_header_unistd_h=yes
ac_cv_host=x86_64-unknown-linux-gnu
ac_cv_objext=o
ac_cv_path_EGREP='/bin/grep -E'
ac_cv_path_FGREP='/bin/grep -F'
ac_cv_path_GREP=/bin/grep
ac_cv_path_SED=/bin/sed
ac_cv_path_ac_pt_PKG_CONFIG=/usr/bin/pkg-config
ac_cv_path_install='/usr/bin/install -c'
ac_cv_path_mkdir=/bin/mkdir
ac_cv_prog_AWK=mawk
ac_cv_prog_CPP='gcc -E'
ac_cv_prog_CXXCPP='g++ -E'
ac_cv_prog_ac_ct_AR=ar
ac_cv_prog_ac_ct_CC=gcc
ac_cv_prog_ac_ct_CXX=g++
ac_cv_prog_ac_ct_MANIFEST_TOOL=mt
ac_cv_prog_ac_ct_OBJDUMP=objdump
ac_cv_prog_ac_ct_RANLIB=ranlib
ac_cv_prog_ac_ct_STRIP=strip
ac_cv_prog_cc_c89=
ac_cv_prog_cc_g=yes
ac_cv_prog_cxx_g=yes
ac_cv_prog_make_make_set=yes
am_cv_CC_dependencies_compiler_type=gcc3
am_cv_CXX_dependencies_compiler_type=gcc3
am_cv_make_support_nested_variables=yes
lt_cv_ar_at_file=@
lt_cv_archive_cmds_need_lc=no
lt_cv_deplibs_check_method=pass_all
lt_cv_file_magic_cmd='$MAGIC_CMD'
lt_cv_file_magic_test_file=
lt_cv_ld_reload_flag=-r
lt_cv_nm_interface='BSD nm'
lt_cv_objdir=.libs
lt_cv_path_LD=/usr/bin/ld
lt_cv_path_LDCXX='/usr/bin/ld -m elf_x86_64'
lt_cv_path_NM='/usr/bin/nm -B'
lt_cv_path_mainfest_tool=no
lt_cv_prog_compiler_c_o=yes
lt_cv_prog_compiler_c_o_CXX=yes
lt_cv_prog_compiler_pic='-fPIC -DPIC'
lt_cv_prog_compiler_pic_CXX='-fPIC -DPIC'
lt_cv_prog_compiler_pic_works=yes
lt_cv_prog_compiler_pic_works_CXX=yes
lt_cv_prog_compiler_rtti_exceptions=no
lt_cv_prog_compiler_static_works=yes
lt_cv_prog_compiler_static_works_CXX=yes
lt_cv_prog_gnu_ld=yes
lt_cv_prog_gnu_ldcxx=yes
lt_cv_sharedlib_from_linklib_cmd='printf %s\n'
lt_cv_shlibpath_overrides_runpath=yes
lt_cv_sys_global_symbol_pipe='sed -n -e '\''s/^.*[	 ]\([ABCDGIRSTW][ABCDGIRSTW]*\)[	 ][	 ]*\([_A-Za-z][_A-Za-z0-9]*\)$/\1 \2 \2/p'\'' | sed '\''/ __gnu_lto/d'\'''
lt_cv_sys_global_symbol_to_c_name_address='sed -n -e '\''s/^: \([^ ]*\)[ ]*$/  {\"\1\", (void *) 0},/p'\'' -e '\''s/^[ABCDGIRSTW]* \([^ ]*\) \([^ ]*\)$/  {"\2", (void *) \&\2},/p'\'''
lt_cv_sys_global_symbol_to_c_name_address_lib_prefix='sed -n -e '\''s/^: \([^ ]*\)[ ]*$/  {\"\1\", (void *) 0},/p'\'' -e '\''s/^[ABCDGIRSTW]* \([^ ]*\) \(lib[^ ]*\)$/  {"\2", (void *) \&\2},/p'\'' -e '\''s/^[ABCDGIRSTW]* \([^ ]*\) \([^ ]*\)$/  {"lib\2", (void *) \&\2},/p'\'''
lt_cv_sys_global_symbol_to_cdecl='sed -n -e '\''s/^T .* \(.*\)$/extern int \1();/p'\'' -e '\''s/^[ABCDGIRSTW]* .* \(.*\)$/extern char \1;/p'\'''
lt_cv_sys_max_cmd_len=1572864
lt_cv_to_host_file_cmd=func_convert_file_noop
lt_cv_to_tool_file_cmd=func_convert_file_noop
pkg_cv_GL_CFLAGS=-I/usr/include/libdrm
pkg_cv_GL_LIBS=-lGL

## ----------------- ##
## Output variables. ##
## ----------------- ##

ACLOCAL='${SHELL} /home/nacho/IG/Practicas/glu-9.0.0/missing --run aclocal-1.12'
AMDEPBACKSLASH='\'
AMDEP_FALSE='#'
AMDEP_TRUE=''
AMTAR='$${TAR-tar}'
AM_BACKSLASH='\'
AM_DEFAULT_V='$(AM_DEFAULT_VERBOSITY)'
AM_DEFAULT_VERBOSITY='0'
AM_V='$(V)'
AR='ar'
AUTOCONF='${SHELL} /home/nacho/IG/Practicas/glu-9.0.0/missing --run autoconf'
AUTOHEADER='${SHELL} /home/nacho/IG/Practicas/glu-9.0.0/missing --run autoheader'
AUTOMAKE='${SHELL} /home/nacho/IG/Practicas/glu-9.0.0/missing --run automake-1.12'
AWK='mawk'
CC='gcc'
CCDEPMODE='depmode=gcc3'
CFLAGS='-g -O2'
CPP='gcc -E'
CPPFLAGS=''
CXX='g++'
CXXCPP='g++ -E'
CXXDEPMODE='depmode=gcc3'
CXXFLAGS='-g -O2'
CYGPATH_W='echo'
DEFS='-DPACKAGE_NAME=\"glu\" -DPACKAGE_TARNAME=\"glu\" -DPACKAGE_VERSION=\"9.0.0\" -DPACKAGE_STRING=\"glu\ 9.0.0\" -DPACKAGE_BUGREPORT=\"https://bugs.freedesktop.org/enter_bug.cgi\?product=Mesa\&component=GLU\" -DPACKAGE_URL=\"\" -DPACKAGE=\"glu\" -DVERSION=\"9.0.0\" -DSTDC_HEADERS=1 -DHAVE_SYS_TYPES_H=1 -DHAVE_SYS_STAT_H=1 -DHAVE_STDLIB_H=1 -DHAVE_STRING_H=1 -DHAVE_MEMORY_H=1 -DHAVE_STRINGS_H=1 -DHAVE_INTTYPES_H=1 -DHAVE_STDINT_H=1 -DHAVE_UNISTD_H=1 -DHAVE_DLFCN_H=1 -DLT_OBJDIR=\".libs/\"'
DEPDIR='.deps'
DLLTOOL='false'
DSYMUTIL=''
DUMPBIN=''
ECHO_C=''
ECHO_N='-n'
ECHO_T=''
EGREP='/bin/grep -E'
EXEEXT=''
FGREP='/bin/grep -F'
GLU_REQUIRES='gl'
GL_CFLAGS='-I/usr/include/libdrm'
GL_LIBS='-lGL'
GREP='/bin/grep'
INSTALL_DATA='${INSTALL} -m 644'
INSTALL_PROGRAM='${INSTALL}'
INSTALL_SCRIPT='${INSTALL}'
INSTALL_STRIP_PROGRAM='$(install_sh) -c -s'
LD='/usr/bin/ld -m elf_x86_64'
LDFLAGS=''
LIBOBJS=''
LIBS=''
LIBTOOL='$(SHELL) $(top_builddir)/libtool'
LIPO=''
LN_S='ln -s'
LTLIBOBJS=''
MAKEINFO='${SHELL} /home/nacho/IG/Practicas/glu-9.0.0/missing --run makeinfo'
MANIFEST_TOOL=':'
MKDIR_P='/bin/mkdir -p'
NM='/usr/bin/nm -B'
NMEDIT=''
OBJDUMP='objdump'
OBJEXT='o'
OSMESA_CFLAGS=''
OSMESA_LIBS=''
OTOOL64=''
OTOOL=''
PACKAGE='glu'
PACKAGE_BUGREPORT='https://bugs.freedesktop.org/enter_bug.cgi?product=Mesa&component=GLU'
PACKAGE_NAME='glu'
PACKAGE_STRING='glu 9.0.0'
PACKAGE_TARNAME='glu'
PACKAGE_URL=''
PACKAGE_VERSION='9.0.0'
PATH_SEPARATOR=':'
PKG_CONFIG='/usr/bin/pkg-config'
PKG_CONFIG_LIBDIR=''
PKG_CONFIG_PATH=''
RANLIB='ranlib'
SED='/bin/sed'
SET_MAKE=''
SHELL='/bin/bash'
STRIP='strip'
VERSION='9.0.0'
VISIBILITY_CFLAGS='-fvisibility=hidden'
VISIBILITY_CXXFLAGS='-fvisibility=hidden'
WARNCFLAGS='-Wall'
WARNCXXFLAGS='-Wall'
ac_ct_AR='ar'
ac_ct_CC='gcc'
ac_ct_CXX='g++'
ac_ct_DUMPBIN=''
am__EXEEXT_FALSE=''
am__EXEEXT_TRUE='#'
am__fastdepCC_FALSE='#'
am__fastdepCC_TRUE=''
am__fastdepCXX_FALSE='#'
am__fastdepCXX_TRUE=''
am__include='include'
am__isrc=''
am__leading_dot='.'
am__nodep='_no'
am__quote=''
am__tar='$${TAR-tar} chof - "$$tardir"'
am__untar='$${TAR-tar} xf -'
bindir='${exec_prefix}/bin'
build='x86_64-unknown-linux-gnu'
build_alias=''
build_cpu='x86_64'
build_os='linux-gnu'
build_vendor='unknown'
datadir='${datarootdir}'
datarootdir='${prefix}/share'
docdir='${datarootdir}/doc/${PACKAGE_TARNAME}'
dvidir='${docdir}'
exec_prefix='${prefix}'
host='x86_64-unknown-linux-gnu'
host_alias=''
host_cpu='x86_64'
host_os='linux-gnu'
host_vendor='unknown'
htmldir='${docdir}'
includedir='${prefix}/include'
infodir='${datarootdir}/info'
install_sh='${SHELL} /home/nacho/IG/Practicas/glu-9.0.0/install-sh'
libdir='${exec_prefix}/lib'
libexecdir='${exec_prefix}/libexec'
localedir='${datarootdir}/locale'
localstatedir='${prefix}/var'
mandir='${datarootdir}/man'
mkdir_p='$(MKDIR_P)'
oldincludedir='/usr/include'
pdfdir='${docdir}'
prefix='/usr/local'
program_transform_name='s,x,x,'
psdir='${docdir}'
sbindir='${exec_prefix}/sbin'
sharedstatedir='${prefix}/com'
sysconfdir='${prefix}/etc'
target_alias=''

## ----------- ##
## confdefs.h. ##
## ----------- ##

/* confdefs.h */
#define PACKAGE_NAME "glu"
#define PACKAGE_TARNAME "glu"
#define PACKAGE_VERSION "9.0.0"
#define PACKAGE_STRING "glu 9.0.0"
#define PACKAGE_BUGREPORT "https://bugs.freedesktop.org/enter_bug.cgi?product=Mesa&component=GLU"
#define PACKAGE_URL ""
#define PACKAGE "glu"
#define VERSION "9.0.0"
#define STDC_HEADERS 1
#define HAVE_SYS_TYPES_H 1
#define HAVE_SYS_STAT_H 1
#define HAVE_STDLIB_H 1
#define HAVE_STRING_H 1
#define HAVE_MEMORY_H 1
#define HAVE_STRINGS_H 1
#define HAVE_INTTYPES_H 1
#define HAVE_STDINT_H 1
#define HAVE_UNISTD_H 1
#define HAVE_DLFCN_H 1
#define LT_OBJDIR ".libs/"

configure: exit 0
